[02:36:49] [main/INFO]: Loading Minecraft 1.21.1 with Fabric Loader 0.16.3
[02:36:49] [main/INFO]: Loading 4 mods:
	- fabricloader 0.16.3
	   \-- mixinextras 0.4.1
	- java 21
	- minecraft 1.21.1
[02:36:49] [main/INFO]: SpongePowered MIXIN Subsystem Version=0.8.7 Source=file:/workspaces/serverpixelmon/servidor_minecraft/libraries/net/fabricmc/sponge-mixin/0.15.2+mixin.0.8.7/sponge-mixin-0.15.2+mixin.0.8.7.jar Service=Knot/Fabric Env=SERVER
[02:36:59] [main/INFO]: Environment: Environment[sessionHost=https://sessionserver.mojang.com, servicesHost=https://api.minecraftservices.com, name=PROD]
[02:37:01] [main/INFO]: No existing world data, creating new world
[02:37:03] [main/INFO]: Loaded 1290 recipes
[02:37:03] [main/INFO]: Loaded 1399 advancements
[02:37:04] [Server thread/INFO]: Starting minecraft server version 1.21.1
[02:37:04] [Server thread/INFO]: Loading properties
[02:37:04] [Server thread/INFO]: Default game type: SURVIVAL
[02:37:04] [Server thread/INFO]: Generating keypair
[02:37:04] [Server thread/INFO]: Starting Minecraft server on *:25565
[02:37:04] [Server thread/INFO]: Using epoll channel type
[02:37:04] [Server thread/WARN]: **** SERVER IS RUNNING IN OFFLINE/INSECURE MODE!
[02:37:04] [Server thread/WARN]: The server will make no attempt to authenticate usernames. Beware.
[02:37:04] [Server thread/WARN]: While this makes the game possible to play without internet access, it also opens up the ability for hackers to connect with any username they choose.
[02:37:04] [Server thread/WARN]: To change this, set "online-mode" to "true" in the server.properties file.
[02:37:04] [Server thread/INFO]: Preparing level "world"
[02:37:16] [Server thread/INFO]: Preparing start region for dimension minecraft:overworld
[02:37:16] [Worker-Main-1/INFO]: Preparing spawn area: 2%
[02:37:17] [Worker-Main-1/INFO]: Preparing spawn area: 2%
[02:37:17] [Worker-Main-1/INFO]: Preparing spawn area: 2%
[02:37:18] [Worker-Main-1/INFO]: Preparing spawn area: 2%
[02:37:18] [Worker-Main-1/INFO]: Preparing spawn area: 2%
[02:37:19] [Worker-Main-1/INFO]: Preparing spawn area: 2%
[02:37:19] [Worker-Main-1/INFO]: Preparing spawn area: 2%
[02:37:20] [Worker-Main-1/INFO]: Preparing spawn area: 10%
[02:37:20] [Worker-Main-1/INFO]: Preparing spawn area: 10%
[02:37:21] [Worker-Main-1/INFO]: Preparing spawn area: 10%
[02:37:21] [Worker-Main-1/INFO]: Preparing spawn area: 10%
[02:37:22] [Worker-Main-1/INFO]: Preparing spawn area: 10%
[02:37:22] [Worker-Main-1/INFO]: Preparing spawn area: 10%
[02:37:23] [Worker-Main-1/INFO]: Preparing spawn area: 10%
[02:37:23] [Worker-Main-1/INFO]: Preparing spawn area: 10%
[02:37:24] [Worker-Main-1/INFO]: Preparing spawn area: 10%
[02:37:24] [Worker-Main-1/INFO]: Preparing spawn area: 10%
[02:37:25] [Worker-Main-1/INFO]: Preparing spawn area: 10%
[02:37:25] [Worker-Main-1/INFO]: Preparing spawn area: 16%
[02:37:26] [Server thread/INFO]: Time elapsed: 9796 ms
[02:37:26] [Server thread/INFO]: Done (21.690s)! For help, type "help"
[02:37:44] [Server thread/INFO]: com.mojang.authlib.GameProfile@594c4e40[id=c26c0f81-66f9-3043-8e1c-43a3a1bae1bc,name=Fervzrv,properties={}] lost connection: Disconnected
[02:38:11] [Server thread/INFO]: Fervzrv[/127.142.6.229:56559] logged in with entity id 3 at (181.5, 63.0, -401.5)
[02:38:11] [Server thread/INFO]: Fervzrv joined the game
[02:38:33] [Server thread/INFO]: fandejoji[/127.242.90.34:52191] logged in with entity id 226 at (173.5, 63.0, -401.5)
[02:38:33] [Server thread/INFO]: fandejoji joined the game
[02:38:49] [Server thread/INFO]: Fervzrv lost connection: Disconnected
[02:38:49] [Server thread/INFO]: Fervzrv left the game
[02:38:51] [Server thread/INFO]: fandejoji lost connection: Disconnected
[02:38:51] [Server thread/INFO]: fandejoji left the game
[02:38:56] [Server thread/INFO]: Stopping the server
[02:38:56] [Server thread/INFO]: Stopping server
[02:38:56] [Server thread/INFO]: Saving players
[02:38:56] [Server thread/INFO]: Saving worlds
[02:38:56] [Server thread/INFO]: Saving chunks for level 'ServerLevel[world]'/minecraft:overworld
[02:38:57] [Server thread/INFO]: Saving chunks for level 'ServerLevel[world]'/minecraft:the_nether
[02:38:57] [Server thread/INFO]: Saving chunks for level 'ServerLevel[world]'/minecraft:the_end
[02:38:57] [Server thread/INFO]: ThreadedAnvilChunkStorage (world): All chunks are saved
[02:38:57] [Server thread/INFO]: ThreadedAnvilChunkStorage (DIM-1): All chunks are saved
[02:38:57] [Server thread/INFO]: ThreadedAnvilChunkStorage (DIM1): All chunks are saved
[02:38:57] [Server thread/INFO]: ThreadedAnvilChunkStorage: All dimensions are saved
